[    0.000000] Initializing cgroup subsys cpuset
[    0.000000] Initializing cgroup subsys cpu
[    0.000000] Initializing cgroup subsys cpuacct
[    0.000000] Linux version 4.4.0-83-generic (buildd@lgw01-29) (gcc version 5.4.0 20160609 (Ubuntu 5.4.0-6ubuntu1~16.04.4) ) #106-Ubuntu SMP Mon Jun 26 17:54:43 UTC 2017 (Ubuntu 4.4.0-83.106-generic 4.4.70)
[    0.000000] Command line: BOOT_IMAGE=/boot/vmlinuz-4.4.0-83-generic root=LABEL=cloudimg-rootfs ro console=tty1 console=ttyS0
[    0.000000] KERNEL supported cpus:
[    0.000000]   Intel GenuineIntel
[    0.000000]   AMD AuthenticAMD
[    0.000000]   Centaur CentaurHauls
[    0.000000] x86/fpu: xstate_offset[2]:  576, xstate_sizes[2]:  256
[    0.000000] x86/fpu: Supporting XSAVE feature 0x01: 'x87 floating point registers'
[    0.000000] x86/fpu: Supporting XSAVE feature 0x02: 'SSE registers'
[    0.000000] x86/fpu: Supporting XSAVE feature 0x04: 'AVX registers'
[    0.000000] x86/fpu: Enabled xstate features 0x7, context size is 832 bytes, using 'standard' format.
[    0.000000] x86/fpu: Using 'lazy' FPU context switches.
[    0.000000] e820: BIOS-provided physical RAM map:
[    0.000000] BIOS-e820: [mem 0x0000000000000000-0x000000000009fbff] usable
[    0.000000] BIOS-e820: [mem 0x000000000009fc00-0x000000000009ffff] reserved
[    0.000000] BIOS-e820: [mem 0x00000000000f0000-0x00000000000fffff] reserved
[    0.000000] BIOS-e820: [mem 0x0000000000100000-0x000000003ffeffff] usable
[    0.000000] BIOS-e820: [mem 0x000000003fff0000-0x000000003fffffff] ACPI data
[    0.000000] BIOS-e820: [mem 0x00000000fec00000-0x00000000fec00fff] reserved
[    0.000000] BIOS-e820: [mem 0x00000000fee00000-0x00000000fee00fff] reserved
[    0.000000] BIOS-e820: [mem 0x00000000fffc0000-0x00000000ffffffff] reserved
[    0.000000] NX (Execute Disable) protection: active
[    0.000000] SMBIOS 2.5 present.
[    0.000000] Hypervisor detected: KVM
[    0.000000] e820: last_pfn = 0x3fff0 max_arch_pfn = 0x400000000
[    0.000000] MTRR: Disabled
[    0.000000] x86/PAT: MTRRs disabled, skipping PAT initialization too.
[    0.000000] x86/PAT: Configuration [0-7]: WB  WT  UC- UC  WB  WT  UC- UC  
[    0.000000] CPU MTRRs all blank - virtualized system.
[    0.000000] found SMP MP-table at [mem 0x0009fff0-0x0009ffff] mapped at [ffff88000009fff0]
[    0.000000] Scanning 1 areas for low memory corruption
[    0.000000] RAMDISK: [mem 0x36ae4000-0x37569fff]
[    0.000000] ACPI: Early table checksum verification disabled
[    0.000000] ACPI: RSDP 0x00000000000E0000 000024 (v02 VBOX  )
[    0.000000] ACPI: XSDT 0x000000003FFF0030 00003C (v01 VBOX   VBOXXSDT 00000001 ASL  00000061)
[    0.000000] ACPI: FACP 0x000000003FFF00F0 0000F4 (v04 VBOX   VBOXFACP 00000001 ASL  00000061)
[    0.000000] ACPI: DSDT 0x000000003FFF0470 0021C8 (v02 VBOX   VBOXBIOS 00000002 INTL 20160831)
[    0.000000] ACPI: FACS 0x000000003FFF0200 000040
[    0.000000] ACPI: FACS 0x000000003FFF0200 000040
[    0.000000] ACPI: APIC 0x000000003FFF0240 00005C (v02 VBOX   VBOXAPIC 00000001 ASL  00000061)
[    0.000000] ACPI: SSDT 0x000000003FFF02A0 0001CC (v01 VBOX   VBOXCPUT 00000002 INTL 20160831)
[    0.000000] No NUMA configuration found
[    0.000000] Faking a node at [mem 0x0000000000000000-0x000000003ffeffff]
[    0.000000] NODE_DATA(0) allocated [mem 0x3ffeb000-0x3ffeffff]
[    0.000000] kvm-clock: Using msrs 4b564d01 and 4b564d00
[    0.000000] kvm-clock: cpu 0, msr 0:3ffe3001, primary cpu clock
[    0.000000] kvm-clock: using sched offset of 3596496412 cycles
[    0.000000] clocksource: kvm-clock: mask: 0xffffffffffffffff max_cycles: 0x1cd42e4dffb, max_idle_ns: 881590591483 ns
[    0.000000] Zone ranges:
[    0.000000]   DMA      [mem 0x0000000000001000-0x0000000000ffffff]
[    0.000000]   DMA32    [mem 0x0000000001000000-0x000000003ffeffff]
[    0.000000]   Normal   empty
[    0.000000]   Device   empty
[    0.000000] Movable zone start for each node
[    0.000000] Early memory node ranges
[    0.000000]   node   0: [mem 0x0000000000001000-0x000000000009efff]
[    0.000000]   node   0: [mem 0x0000000000100000-0x000000003ffeffff]
[    0.000000] Initmem setup node 0 [mem 0x0000000000001000-0x000000003ffeffff]
[    0.000000] ACPI: PM-Timer IO Port: 0x4008
[    0.000000] IOAPIC[0]: apic_id 2, version 32, address 0xfec00000, GSI 0-23
[    0.000000] ACPI: INT_SRC_OVR (bus 0 bus_irq 0 global_irq 2 dfl dfl)
[    0.000000] ACPI: INT_SRC_OVR (bus 0 bus_irq 9 global_irq 9 high level)
[    0.000000] Using ACPI (MADT) for SMP configuration information
[    0.000000] smpboot: Allowing 2 CPUs, 0 hotplug CPUs
[    0.000000] PM: Registered nosave memory: [mem 0x00000000-0x00000fff]
[    0.000000] PM: Registered nosave memory: [mem 0x0009f000-0x0009ffff]
[    0.000000] PM: Registered nosave memory: [mem 0x000a0000-0x000effff]
[    0.000000] PM: Registered nosave memory: [mem 0x000f0000-0x000fffff]
[    0.000000] e820: [mem 0x40000000-0xfebfffff] available for PCI devices
[    0.000000] Booting paravirtualized kernel on KVM
[    0.000000] clocksource: refined-jiffies: mask: 0xffffffff max_cycles: 0xffffffff, max_idle_ns: 7645519600211568 ns
[    0.000000] setup_percpu: NR_CPUS:512 nr_cpumask_bits:512 nr_cpu_ids:2 nr_node_ids:1
[    0.000000] PERCPU: Embedded 33 pages/cpu @ffff88003fc00000 s98264 r8192 d28712 u1048576
[    0.000000] PV qspinlock hash table entries: 256 (order: 0, 4096 bytes)
[    0.000000] Built 1 zonelists in Node order, mobility grouping on.  Total pages: 257913
[    0.000000] Policy zone: DMA32
[    0.000000] Kernel command line: BOOT_IMAGE=/boot/vmlinuz-4.4.0-83-generic root=LABEL=cloudimg-rootfs ro console=tty1 console=ttyS0
[    0.000000] PID hash table entries: 4096 (order: 3, 32768 bytes)
[    0.000000] Memory: 1001800K/1048120K available (8469K kernel code, 1294K rwdata, 3984K rodata, 1488K init, 1316K bss, 46320K reserved, 0K cma-reserved)
[    0.000000] SLUB: HWalign=64, Order=0-3, MinObjects=0, CPUs=2, Nodes=1
[    0.000000] Hierarchical RCU implementation.
[    0.000000] 	Build-time adjustment of leaf fanout to 64.
[    0.000000] 	RCU restricting CPUs from NR_CPUS=512 to nr_cpu_ids=2.
[    0.000000] RCU: Adjusting geometry for rcu_fanout_leaf=64, nr_cpu_ids=2
[    0.000000] NR_IRQS:33024 nr_irqs:440 16
[    0.000000] Console: colour VGA+ 80x25
[    0.000000] console [tty1] enabled
[    0.000000] console [ttyS0] enabled
[    0.000000] tsc: Detected 2594.108 MHz processor
[    1.295942] Calibrating delay loop (skipped) preset value.. 5188.21 BogoMIPS (lpj=10376432)
[    1.336100] pid_max: default: 32768 minimum: 301
[    1.405651] ACPI: Core revision 20150930
[    1.438592] ACPI: 2 ACPI AML tables successfully acquired and loaded
[    1.468412] Security Framework initialized
[    1.499628] Yama: becoming mindful.
[    1.501150] AppArmor: AppArmor initialized
[    1.505284] Dentry cache hash table entries: 131072 (order: 8, 1048576 bytes)
[    1.529033] Inode-cache hash table entries: 65536 (order: 7, 524288 bytes)
[    1.557748] Mount-cache hash table entries: 2048 (order: 2, 16384 bytes)
[    1.608515] Mountpoint-cache hash table entries: 2048 (order: 2, 16384 bytes)
[    1.613667] Initializing cgroup subsys io
[    1.621104] Initializing cgroup subsys memory
[    1.623173] Initializing cgroup subsys devices
[    1.625371] Initializing cgroup subsys freezer
[    1.627612] Initializing cgroup subsys net_cls
[    1.629675] Initializing cgroup subsys perf_event
[    1.631908] Initializing cgroup subsys net_prio
[    1.634213] Initializing cgroup subsys hugetlb
[    1.636451] Initializing cgroup subsys pids
[    1.638550] CPU: Physical Processor ID: 0
[    1.640557] CPU: Processor Core ID: 0
[    1.642608] mce: CPU supports 0 MCE banks
[    1.644789] Last level iTLB entries: 4KB 512, 2MB 8, 4MB 8
[    1.647276] Last level dTLB entries: 4KB 512, 2MB 32, 4MB 32, 1GB 0
[    1.652545] Freeing SMP alternatives memory: 32K (ffffffff820b9000 - ffffffff820c1000)
[    1.729131] ftrace: allocating 32129 entries in 126 pages
[    1.880966] smpboot: APIC(0) Converting physical 0 to logical package 0
[    1.922764] smpboot: Max logical packages: 1
[    1.925185] x2apic enabled
[    1.926936] Switched APIC routing to physical x2apic.
[    1.931050] ..TIMER: vector=0x30 apic1=0 pin1=2 apic2=-1 pin2=-1
[    2.063912] APIC calibration not consistent with PM-Timer: 124ms instead of 100ms
[    2.066889] APIC delta adjusted to PM-Timer: 6249980 (7750553)
[    2.069443] smpboot: CPU0: Intel(R) Core(TM) i5-3230M CPU @ 2.60GHz (family: 0x6, model: 0x3a, stepping: 0x9)
[    2.077977] Performance Events: unsupported p6 CPU model 58 no PMU driver, software events only.
[    2.125231] KVM setup paravirtual spinlock
[    2.143931] x86: Booting SMP configuration:
[    2.145957] .... node  #0, CPUs:      #1
[    2.162677] kvm-clock: cpu 1, msr 0:3ffe3041, secondary cpu clock
[    2.166313] mce: CPU supports 0 MCE banks
[    2.170722] x86: Booted up 1 node, 2 CPUs
[    2.178193] smpboot: Total of 2 processors activated (10376.43 BogoMIPS)
[    2.185099] devtmpfs: initialized
[    2.188689] evm: security.selinux
[    2.195303] evm: security.SMACK64
[    2.196857] evm: security.SMACK64EXEC
[    2.198487] evm: security.SMACK64TRANSMUTE
[    2.200037] evm: security.SMACK64MMAP
[    2.215583] evm: security.ima
[    2.217081] evm: security.capability
[    2.219035] clocksource: jiffies: mask: 0xffffffff max_cycles: 0xffffffff, max_idle_ns: 7645041785100000 ns
[    2.250217] futex hash table entries: 512 (order: 3, 32768 bytes)
[    2.253250] pinctrl core: initialized pinctrl subsystem
[    2.255387] RTC time: 23:30:39, date: 07/07/17
[    2.257320] NET: Registered protocol family 16
[    2.270270] cpuidle: using governor ladder
[    2.289517] cpuidle: using governor menu
[    2.298515] PCCT header not found.
[    2.300312] ACPI: bus type PCI registered
[    2.302232] acpiphp: ACPI Hot Plug PCI Controller Driver version: 0.5
[    2.305132] PCI: Using configuration type 1 for base access
[    2.318480] ACPI: Added _OSI(Module Device)
[    2.380986] ACPI: Added _OSI(Processor Device)
[    2.383341] ACPI: Added _OSI(3.0 _SCP Extensions)
[    2.385529] ACPI: Added _OSI(Processor Aggregator Device)
[    2.389419] ACPI: Executed 1 blocks of module-level executable AML code
[    2.396249] ACPI: Interpreter enabled
[    2.398072] ACPI: (supports S0 S5)
[    2.400294] ACPI: Using IOAPIC for interrupt routing
[    2.423349] PCI: Using host bridge windows from ACPI; if necessary, use "pci=nocrs" and report a bug
[    2.538945] ACPI: PCI Root Bridge [PCI0] (domain 0000 [bus 00-ff])
[    2.547010] acpi PNP0A03:00: _OSC: OS supports [ASPM ClockPM Segments MSI]
[    2.549945] acpi PNP0A03:00: _OSC failed (AE_NOT_FOUND); disabling ASPM
[    2.552964] acpi PNP0A03:00: fail to add MMCONFIG information, can't access extended PCI configuration space under this bridge.
[    2.558560] PCI host bridge to bus 0000:00
[    2.561583] pci_bus 0000:00: root bus resource [io  0x0000-0x0cf7 window]
[    2.564607] pci_bus 0000:00: root bus resource [io  0x0d00-0xffff window]
[    2.567566] pci_bus 0000:00: root bus resource [mem 0x000a0000-0x000bffff window]
[    2.571114] pci_bus 0000:00: root bus resource [mem 0x40000000-0xffdfffff window]
[    2.575770] pci_bus 0000:00: root bus resource [bus 00-ff]
[    2.585414] pci 0000:00:01.1: legacy IDE quirk: reg 0x10: [io  0x01f0-0x01f7]
[    2.663004] pci 0000:00:01.1: legacy IDE quirk: reg 0x14: [io  0x03f6]
[    2.677252] pci 0000:00:01.1: legacy IDE quirk: reg 0x18: [io  0x0170-0x0177]
[    2.679855] pci 0000:00:01.1: legacy IDE quirk: reg 0x1c: [io  0x0376]
[    2.708597] pci 0000:00:07.0: quirk: [io  0x4000-0x403f] claimed by PIIX4 ACPI
[    2.750135] pci 0000:00:07.0: quirk: [io  0x4100-0x410f] claimed by PIIX4 SMB
[    2.773514] ACPI: PCI Interrupt Link [LNKA] (IRQs 5 9 10 *11)
[    2.783765] ACPI: PCI Interrupt Link [LNKB] (IRQs 5 9 10 *11)
[    2.791553] ACPI: PCI Interrupt Link [LNKC] (IRQs 5 9 *10 11)
[    2.806704] ACPI: PCI Interrupt Link [LNKD] (IRQs 5 *9 10 11)
[    2.841897] ACPI: Enabled 2 GPEs in block 00 to 07
[    2.865760] vgaarb: setting as boot device: PCI:0000:00:02.0
[    2.891305] vgaarb: device added: PCI:0000:00:02.0,decodes=io+mem,owns=io+mem,locks=none
[    2.897210] vgaarb: loaded
[    2.898415] vgaarb: bridge control possible 0000:00:02.0
[    2.900995] SCSI subsystem initialized
[    2.902920] ACPI: bus type USB registered
[    2.904358] usbcore: registered new interface driver usbfs
[    2.911203] usbcore: registered new interface driver hub
[    2.913626] usbcore: registered new device driver usb
[    2.916566] PCI: Using ACPI for IRQ routing
[    2.948139] NetLabel: Initializing
[    2.955744] NetLabel:  domain hash size = 128
[    2.958831] NetLabel:  protocols = UNLABELED CIPSOv4
[    2.960779] NetLabel:  unlabeled traffic allowed by default
[    2.963443] amd_nb: Cannot enumerate AMD northbridges
[    2.983569] clocksource: Switched to clocksource kvm-clock
[    3.021225] AppArmor: AppArmor Filesystem Enabled
[    3.050937] pnp: PnP ACPI init
[    3.053840] pnp: PnP ACPI: found 3 devices
[    3.073721] clocksource: acpi_pm: mask: 0xffffff max_cycles: 0xffffff, max_idle_ns: 2085701024 ns
[    3.108486] NET: Registered protocol family 2
[    3.111067] TCP established hash table entries: 8192 (order: 4, 65536 bytes)
[    3.114140] TCP bind hash table entries: 8192 (order: 5, 131072 bytes)
[    3.120874] TCP: Hash tables configured (established 8192 bind 8192)
[    3.144002] UDP hash table entries: 512 (order: 2, 16384 bytes)
[    3.146715] UDP-Lite hash table entries: 512 (order: 2, 16384 bytes)
[    3.150531] NET: Registered protocol family 1
[    3.152569] pci 0000:00:00.0: Limiting direct PCI/PCI transfers
[    3.155160] pci 0000:00:01.0: Activating ISA DMA hang workarounds
[    3.158882] Unpacking initramfs...
[    5.825436] Freeing initrd memory: 10776K (ffff880036ae4000 - ffff88003756a000)
[    5.843177] RAPL PMU detected, API unit is 2^-32 Joules, 3 fixed counters 10737418240 ms ovfl timer
[    5.852529] hw unit of domain pp0-core 2^-0 Joules
[    5.854641] hw unit of domain package 2^-0 Joules
[    5.856776] hw unit of domain pp1-gpu 2^-0 Joules
[    5.871261] platform rtc_cmos: registered platform RTC device (no PNP device found)
[    5.881037] Scanning for low memory corruption every 60 seconds
[    5.884302] audit: initializing netlink subsys (disabled)
[    5.886516] audit: type=2000 audit(1499470246.086:1): initialized
[    5.889597] Initialise system trusted keyring
[    5.905345] HugeTLB registered 2 MB page size, pre-allocated 0 pages
[    5.913742] zbud: loaded
[    5.916567] VFS: Disk quotas dquot_6.6.0
[    5.918327] VFS: Dquot-cache hash table entries: 512 (order 0, 4096 bytes)
[    5.921390] squashfs: version 4.0 (2009/01/31) Phillip Lougher
[    5.924332] fuse init (API version 7.23)
[    5.926218] Key type big_key registered
[    5.928045] Allocating IMA MOK and blacklist keyrings.
[    5.942602] Key type asymmetric registered
[    5.944528] Asymmetric key parser 'x509' registered
[    5.946660] Block layer SCSI generic (bsg) driver version 0.4 loaded (major 249)
[    5.950215] io scheduler noop registered
[    5.951817] io scheduler deadline registered (default)
[    5.954423] io scheduler cfq registered
[    5.956929] pci_hotplug: PCI Hot Plug PCI Core version: 0.5
[    5.959340] pciehp: PCI Express Hot Plug Controller Driver version: 0.4
[    5.963001] ACPI: AC Adapter [AC] (on-line)
[    5.965190] input: Power Button as /devices/LNXSYSTM:00/LNXPWRBN:00/input/input0
[    5.968352] ACPI: Power Button [PWRF]
[    5.970354] input: Sleep Button as /devices/LNXSYSTM:00/LNXSLPBN:00/input/input1
[    5.973506] ACPI: Sleep Button [SLPF]
[    5.977342] ACPI: Battery Slot [BAT0] (battery present)
[    5.980085] GHES: HEST is not enabled!
[    5.981822] Serial: 8250/16550 driver, 32 ports, IRQ sharing enabled
[    6.007445] 00:02: ttyS0 at I/O 0x3f8 (irq = 4, base_baud = 115200) is a 16550A
[    6.013485] Linux agpgart interface v0.103
[    6.026476] loop: module loaded
[    6.040378] scsi host0: ata_piix
[    6.042735] scsi host1: ata_piix
[    6.050722] ata1: PATA max UDMA/33 cmd 0x1f0 ctl 0x3f6 bmdma 0xd000 irq 14
[    6.080691] ata2: PATA max UDMA/33 cmd 0x170 ctl 0x376 bmdma 0xd008 irq 15
[    6.090466] libphy: Fixed MDIO Bus: probed
[    6.092804] tun: Universal TUN/TAP device driver, 1.6
[    6.094501] tun: (C) 1999-2004 Max Krasnyansky <maxk@qualcomm.com>
[    6.097297] PPP generic driver version 2.4.2
[    6.100546] ehci_hcd: USB 2.0 'Enhanced' Host Controller (EHCI) Driver
[    6.106975] ehci-pci: EHCI PCI platform driver
[    6.109242] ehci-platform: EHCI generic platform driver
[    6.113486] ohci_hcd: USB 1.1 'Open' Host Controller (OHCI) Driver
[    6.116214] ohci-pci: OHCI PCI platform driver
[    6.121920] ohci-platform: OHCI generic platform driver
[    6.144876] uhci_hcd: USB Universal Host Controller Interface driver
[    6.179248] i8042: PNP: PS/2 Controller [PNP0303:PS2K,PNP0f03:PS2M] at 0x60,0x64 irq 1,12
[    6.196110] serio: i8042 KBD port at 0x60,0x64 irq 1
[    6.198406] serio: i8042 AUX port at 0x60,0x64 irq 12
[    6.202089] mousedev: PS/2 mouse device common for all mice
[    6.205404] input: AT Translated Set 2 keyboard as /devices/platform/i8042/serio0/input/input2
[    6.209794] rtc_cmos rtc_cmos: rtc core: registered rtc_cmos as rtc0
[    6.225174] rtc_cmos rtc_cmos: alarms up to one day, 114 bytes nvram
[    6.228566] i2c /dev entries driver
[    6.230676] device-mapper: uevent: version 1.0.3
[    6.233495] device-mapper: ioctl: 4.34.0-ioctl (2015-10-28) initialised: dm-devel@redhat.com
[    6.239873] ledtrig-cpu: registered to indicate activity on CPUs
[    6.245496] NET: Registered protocol family 10
[    6.270273] NET: Registered protocol family 17
[    6.278300] Key type dns_resolver registered
[    6.281209] microcode: CPU0 sig=0x306a9, pf=0x2, revision=0x19
[    6.310882] microcode: CPU1 sig=0x306a9, pf=0x2, revision=0x19
[    6.332777] microcode: Microcode Update Driver: v2.01 <tigran@aivazian.fsnet.co.uk>, Peter Oruba
[    6.336493] registered taskstats version 1
[    6.338444] Loading compiled-in X.509 certificates
[    6.342068] Loaded X.509 cert 'Build time autogenerated kernel key: 35105354eb779045e4d9ad793dead39d5ee93f76'
[    6.346502] zswap: loaded using pool lzo/zbud
[    6.395858] Key type trusted registered
[    6.404843] Key type encrypted registered
[    6.417405] AppArmor: AppArmor sha1 policy hashing enabled
[    6.429493] ima: No TPM chip found, activating TPM-bypass!
[    6.439206] evm: HMAC attrs: 0x1
[    6.442733]   Magic number: 9:450:554
[    6.454956] rtc_cmos rtc_cmos: setting system clock to 2017-07-07 23:30:44 UTC (1499470244)
[    6.517355] BIOS EDD facility v0.16 2004-Jun-25, 0 devices found
[    6.521473] EDD information not available.
[    6.596195] Freeing unused kernel memory: 1488K (ffffffff81f45000 - ffffffff820b9000)
[    6.607806] Write protecting the kernel read-only data: 14336k
[    6.611427] Freeing unused kernel memory: 1760K (ffff880001848000 - ffff880001a00000)
[    6.615907] Freeing unused kernel memory: 112K (ffff880001de4000 - ffff880001e00000)
Loading, please wait...
starting version[    6.672386] random: systemd-udevd: uninitialized urandom read (16 bytes read, 2 bits of entropy available)
 229
[    6.677701] random: systemd-udevd: uninitialized urandom read (16 bytes read, 2 bits of entropy available)
[    6.682742] random: systemd-udevd: uninitialized urandom read (16 bytes read, 2 bits of entropy available)
[    6.685674] random: udevadm: uninitialized urandom read (16 bytes read, 2 bits of entropy available)
[    6.685748] random: udevadm: uninitialized urandom read (16 bytes read, 2 bits of entropy available)
[    6.686079] random: udevadm: uninitialized urandom read (16 bytes read, 2 bits of entropy available)
[    6.686174] random: udevadm: uninitialized urandom read (16 bytes read, 2 bits of entropy available)
[    6.686272] random: udevadm: uninitialized urandom read (16 bytes read, 2 bits of entropy available)
[    6.686368] random: udevadm: uninitialized urandom read (16 bytes read, 2 bits of entropy available)
[    6.686462] random: udevadm: uninitialized urandom read (16 bytes read, 2 bits of entropy available)
[    6.762515] e1000: Intel(R) PRO/1000 Network Driver - version 7.3.21-k8-NAPI
[    6.765441] e1000: Copyright (c) 1999-2006 Intel Corporation.
[    6.790382] Fusion MPT base driver 3.04.20
[    6.801107] Copyright (c) 1999-2008 LSI Corporation
[    6.839794] AVX version of gcm_enc/dec engaged.
[    6.850472] AES CTR mode by8 optimization enabled
[    6.852777] Fusion MPT SPI Host driver 3.04.20
[    6.888284] tsc: Refined TSC clocksource calibration: 2593.159 MHz
[    6.890940] clocksource: tsc: mask: 0xffffffffffffffff max_cycles: 0x2560fdf2ea8, max_idle_ns: 440795309712 ns
[    7.015927] input: ImExPS/2 Generic Explorer Mouse as /devices/platform/i8042/serio1/input/input4
[    7.374188] e1000 0000:00:03.0 eth0: (PCI:33MHz:32-bit) 02:50:9e:45:53:0d
[    7.377698] e1000 0000:00:03.0 eth0: Intel(R) PRO/1000 Network Connection
[    7.896198] e1000 0000:00:08.0 eth1: (PCI:33MHz:32-bit) 08:00:27:d4:0d:eb
[    7.907066] e1000 0000:00:08.0 eth1: Intel(R) PRO/1000 Network Connection
[    7.913433] mptbase: ioc0: Initiating bringup
[    7.914000] e1000 0000:00:08.0 enp0s8: renamed from eth1
[    7.933640] e1000 0000:00:03.0 enp0s3: renamed from eth0
[    8.007803] ioc0: LSI53C1030 A0: Capabilities={Initiator}
[    8.204259] scsi host2: ioc0: LSI53C1030 A0, FwRev=00000000h, Ports=1, MaxQ=256, IRQ=20
[    8.332287] scsi 2:0:0:0: Direct-Access     VBOX     HARDDISK         1.0  PQ: 0 ANSI: 5
[    8.345250] scsi target2:0:0: Beginning Domain Validation
[    8.352952] scsi target2:0:0: Domain Validation skipping write tests
[    8.360771] scsi target2:0:0: Ending Domain Validation
[    8.439237] scsi target2:0:0: asynchronous
[    8.447070] scsi 2:0:1:0: Direct-Access     VBOX     HARDDISK         1.0  PQ: 0 ANSI: 5
[    8.480651] scsi target2:0:1: Beginning Domain Validation
[    8.489975] scsi target2:0:1: Domain Validation skipping write tests
[    8.496791] scsi target2:0:1: Ending Domain Validation
[    8.540164] scsi target2:0:1: asynchronous
[    8.548675] sd 2:0:0:0: Attached scsi generic sg0 type 0
[    8.551907] sd 2:0:0:0: [sda] 20971520 512-byte logical blocks: (10.7 GB/10.0 GiB)
[    8.566494] sd 2:0:1:0: [sdb] 20480 512-byte logical blocks: (10.5 MB/10.0 MiB)
[    8.597838] sd 2:0:1:0: Attached scsi generic sg1 type 0
[    8.608754] sd 2:0:0:0: [sda] Write Protect is off
[    8.608797] sd 2:0:1:0: [sdb] Write Protect is off
[    8.608951] sd 2:0:1:0: [sdb] Incomplete mode parameter data
[    8.608952] sd 2:0:1:0: [sdb] Assuming drive cache: write through
[    8.612368] sd 2:0:1:0: [sdb] Attached SCSI disk
[    8.651402] sd 2:0:0:0: [sda] Incomplete mode parameter data
[    8.657100] sd 2:0:0:0: [sda] Assuming drive cache: write through
[    8.710221]  sda: sda1
[    8.719109] sd 2:0:0:0: [sda] Attached SCSI disk
[    9.795856] floppy0: no floppy controllers found
Begin: Loading essential drivers ... [   11.253202] md: linear personality registered for level -1
[   11.270345] md: multipath personality registered for level -4
[   11.286098] md: raid0 personality registered for level 0
[   11.293497] md: raid1 personality registered for level 1
[   11.371590] raid6: sse2x1   gen()  3629 MB/s
[   11.439602] raid6: sse2x1   xor()  3019 MB/s
[   11.507587] raid6: sse2x2   gen()  4760 MB/s
[   11.575595] raid6: sse2x2   xor()  2801 MB/s
[   11.687580] raid6: sse2x4   gen()  7152 MB/s
[   11.759579] raid6: sse2x4   xor()  7205 MB/s
[   11.781512] raid6: using algorithm sse2x4 gen() 7152 MB/s
[   11.886433] raid6: .... xor() 7205 MB/s, rmw enabled
[   11.896329] raid6: using ssse3x2 recovery algorithm
[   11.900467] xor: automatically using best checksumming function:
[   11.967550]    avx       : 15461.000 MB/sec
[   11.985540] async_tx: api initialized (async)
[   12.037933] md: raid6 personality registered for level 6
[   12.067661] md: raid5 personality registered for level 5
[   12.073124] md: raid4 personality registered for level 4
[   12.123941] md: raid10 personality registered for level 10
done.
Begin: Running /scripts/init-premount ... done.
Begin: Mounting root file system ... Begin: Running /scripts/local-top ... done.
Begin: Running /scripts/local-premount ... [   12.262320] Btrfs loaded
Scanning for Btrfs filesystems
done.
Warning: fsck not present, so skipping root file system
[   12.579965] EXT4-fs (sda1): mounted filesystem with ordered data mode. Opts: (null)
done.
Begin: Running /scripts/local-bottom ... done.
Begin: Running /scripts/init-bottom ... done.
[   12.777727] systemd[1]: systemd 229 running in system mode. (+PAM +AUDIT +SELINUX +IMA +APPARMOR +SMACK +SYSVINIT +UTMP +LIBCRYPTSETUP +GCRYPT +GNUTLS +ACL +XZ -LZ4 +SECCOMP +BLKID +ELFUTILS +KMOD -IDN)
[   12.792735] systemd[1]: Detected virtualization oracle.
[   12.800581] systemd[1]: Detected architecture x86-64.

Welcome to [1mUbuntu 16.04.2 LTS[0m!

[   12.827683] systemd[1]: Set hostname to <ubuntu>.
[   12.834622] systemd[1]: Initializing machine ID from random generator.
[   12.844113] systemd[1]: Installed transient /etc/machine-id file.
[   13.080362] systemd[1]: Listening on /dev/initctl Compatibility Named Pipe.
[[0;32m  OK  [0m] Listening on /dev/initctl Compatibility Named Pipe.
[   13.089630] systemd[1]: Set up automount Arbitrary Executable File Formats File System Automount Point.
[[0;32m  OK  [0m] Set up automount Arbitrary Executab...ats File System Automount Point.
[   13.160018] systemd[1]: Listening on LVM2 metadata daemon socket.
[[0;32m  OK  [0m] Listening on LVM2 metadata daemon socket.
[   13.238953] systemd[1]: Listening on Journal Socket (/dev/log).
[[0;32m  OK  [0m] Listening on Journal Socket (/dev/log).
[   13.260292] systemd[1]: Created slice System Slice.
[[0;32m  OK  [0m] Created slice System Slice.
[   13.296780] systemd[1]: Started Forward Password Requests to Wall Directory Watch.
[[0;32m  OK  [0m] Started Forward Password Requests to Wall Directory Watch.
[   13.335604] systemd[1]: Listening on Device-mapper event daemon FIFOs.
[[0;32m  OK  [0m] Listening on Device-mapper event daemon FIFOs.
[   13.348618] systemd[1]: Started Trigger resolvconf update for networkd DNS.
[[0;32m  OK  [0m] Started Trigger resolvconf update for networkd DNS.
[   13.434967] systemd[1]: Reached target Swap.
[[0;32m  OK  [0m] Reached target Swap.
[   13.443124] systemd[1]: Reached target User and Group Name Lookups.
[[0;32m  OK  [0m] Reached target User and Group Name Lookups.
[   13.448592] systemd[1]: Listening on Journal Audit Socket.
[[0;32m  OK  [0m] Listening on Journal Audit Socket.
[   13.454524] systemd[1]: Listening on Syslog Socket.
[[0;32m  OK  [0m] Listening on Syslog Socket.
[   13.460321] systemd[1]: Created slice User and Session Slice.
[[0;32m  OK  [0m] Created slice User and Session Slice.
[   13.466559] systemd[1]: Reached target Slices.
[[0;32m  OK  [0m] Reached target Slices.
[   13.471386] systemd[1]: Listening on Journal Socket.
[[0;32m  OK  [0m] Listening on Journal Socket.
[   13.496030] systemd[1]: Starting Monitoring of LVM2 mirrors, snapshots etc. using dmeventd or progress polling...
         Starting Monitoring of LVM2 mirrors... dmeventd or progress polling...
[   13.591755] systemd[1]: Mounting POSIX Message Queue File System...
         Mounting POSIX Message Queue File System...
[   13.604573] systemd[1]: Starting Create list of required static device nodes for the current kernel...
         Starting Create list of required st... nodes for the current kernel...
[   13.617676] systemd[1]: Mounting Debug File System...
         Mounting Debug File System...
[   13.630220] systemd[1]: Starting Set console keymap...
         Starting Set console keymap...
[   13.687930] systemd[1]: Starting Remount Root and Kernel File Systems...
[   13.694174] EXT4-fs (sda1): re-mounted. Opts: (null)
         Starting Remount Root and Kernel File Systems...
[   13.783822] systemd[1]: Mounting Huge Pages File System...
         Mounting Huge Pages File System...
[   13.832601] systemd[1]: Listening on LVM2 poll daemon socket.
[[0;32m  OK  [0m] Listening on LVM2 poll daemon socket.
[   13.879824] systemd[1]: Reached target Encrypted Volumes.
[[0;32m  OK  [0m] Reached target Encrypted Volumes.
[   13.959860] systemd[1]: Starting Uncomplicated firewall...
[   13.963126] random: nonblocking pool is initialized
         Starting Uncomplicated firewall...
[   14.199961] systemd[1]: Listening on udev Kernel Socket.
[[0;32m  OK  [0m] Listening on udev Kernel Socket.
[   14.244649] systemd[1]: Starting Journal Service...
         Starting Journal Service...
[   14.254822] systemd[1]: Created slice system-serial\x2dgetty.slice.
[[0;32m  OK  [0m] Created slice system-serial\x2dgetty.slice.
[   14.293200] systemd[1]: Listening on udev Control Socket.
[[0;32m  OK  [0m] Listening on udev Control Socket.
[   14.315843] systemd[1]: Starting Load Kernel Modules...
         Starting Load Kernel Modules...
[   14.322199] systemd[1]: Starting Nameserver information manager...
         Startin[   14.336631] Loading iSCSI transport class v2.0-870.
g Nameserver information manager...
[   14.352817] systemd[1]: Mounted Debug File System.
[[0;32m  OK  [0m] Mounted Debug File System.
[   14.358852] iscsi: registered transport (tcp)
[   14.363940] systemd[1]: Mounted POSIX Message Queue File System.
[[0;32m  OK  [0m] Mounted POSIX Message Queue File System.
[   14.399851] systemd[1]: Mounted Huge Pages File System.
[[0;32m  OK  [0m] Mounted Huge Pages File System.
[   14.406017] systemd[1]: Started Journal Service.
[[0;32m  OK  [0m] Started Journal Service.
[[0;32m  OK  [0m] Started Create list of required sta...ce nodes for the current kernel.
[[0;32m  OK  [0m] Started Set console keymap.[   14.436765] iscsi: registered transport (iser)

[[0;32m  OK  [0m] Started Remount Root and Kernel File Systems.
[[0;32m  OK  [0m] Started Uncomplicated firewall.
[[0;32m  OK  [0m] Started Load Kernel Modules.
[[0;32m  OK  [0m] Started Nameserver information manager.
[[0;32m  OK  [0m] Started LVM2 metadata daemon.
         Starting Apply Kernel Variables...
         Mounting FUSE Control File System...
         Starting Initial cloud-init job (pre-networking)...
         Starting udev Coldplug all Devices...
         Starting Load/Save Random Seed...
         Starting Create Static Device Nodes in /dev...
         Starting Flush Journal to Persistent Storage...
[[0;32m  OK  [0m] Mounted FUSE Control File System.
[[0;32m  OK  [0m] Started Apply Kernel Variables.
[[0;32m  OK  [0m] Started Load/Save Random Seed.
[[0;32m  OK  [0m] Started Create Static Device Nodes in /dev.
[[0;32m  OK  [0m] Started Flush Journal to Persistent Storage.
[[0;32m  OK  [0m] Started udev Coldplug all Devices.
         Starting udev Kernel Device Manager...
[[0;32m  OK  [0m] Started udev Kernel Device Manager.
[[0;32m  OK  [0m] Started Dispatch Password Requests to Console Directory Watch.
[[0;32m  OK  [0m] Started Monitoring of LVM2 mirrors,...ng dmeventd or progress polling.
[[0;32m  OK  [0m] Reached target Local File Systems (Pre).
[[0;32m  OK  [0m] Reached target Local File Systems.
         Starting Create Volatile Files and Directories...
         Starting LSB: AppArmor initialization...
         Starting Tell Plymouth To Write Out Runtime Data...
         Starting Commit a transient machine-id on disk...
         Starting Set console font and keymap...
[[0;32m  OK  [0m] Started Create Volatile Files and Directories.
[[0;32m  OK  [0m] Started Tell Plymouth To Write Out Runtime Data.
[[0;32m  OK  [0m] Started Commit a transient machine-id on disk.
         Starting Update UTMP about System Boot/Shutdown...
[[0;32m  OK  [0m] Reached target System Time Synchronized.
[[0;32m  OK  [0m] Found device /dev/ttyS0.
[[0;32m  OK  [0m] Started Update UTMP about System Boot/Shutdown.
[[0;32m  OK  [0m] Listening on Load/Save RF Kill Switch Status /dev/rfkill Watch.
[   16.090849] cloud-init[453]: Cloud-init v. 0.7.9 running 'init-local' at Fri, 07 Jul 2017 23:30:55 +0000. Up 15.22 seconds.
[[0;32m  OK  [0m] Started LSB: AppArmor initialization.
[[0;32m  OK  [0m] Started Initial cloud-init job (pre-networking).
[[0;32m  OK  [0m] Reached target Network (Pre).
         Starting Raise network interfaces...
[[0;32m  OK  [0m] Started Set console font and keymap.
[[0;32m  OK  [0m] Created slice system-getty.slice.
[[0;32m  OK  [0m] Started Raise network interfaces.
         Starting Initial cloud-init job (metadata service crawler)...
[[0;32m  OK  [0m] Reached target Network.
[   18.909036] cloud-init[958]: Cloud-init v. 0.7.9 running 'init' at Fri, 07 Jul 2017 23:30:58 +0000. Up 17.94 seconds.
[   18.928147] cloud-init[958]: ci-info: ++++++++++++++++++++++++++++++++++++++Net device info++++++++++++++++++++++++++++++++++++++
[   18.956842] cloud-init[958]: ci-info: +--------+-------+----------------------------+---------------+-------+-------------------+
[   19.164630] [cloud-init[0;32m  OK  [0m[958]: ] ci-info: | Device |   Up  |          Address           |      Mask     | Scope |     Hw-Address    |Started Initial cloud-init job (metadata service crawler).

[   19.360434] [cloud-init[0;32m  OK  [0m[958]: ] ci-info: +--------+-------+----------------------------+---------------+-------+-------------------+Reached target Cloud-config availability.

[   19.431812] cloud-init[958]: ci-info: |   lo   |  True |         127.0.0.1          |   255.0.0.0   |   .   |         .         |
[[0;32m  OK  [0m] Reached target System Initialization.
[   19.432373] cloud-init[958]: ci-info: |   lo   |  True |          ::1/128           |       .       |  host |         .         |
[   19.700400] [cloud-init[0;32m  OK  [0m[958]: ] ci-info: | enp0s3 |  True |         10.0.2.15          | 255.255.255.0 |   .   | 02:50:9e:45:53:0d |Started ACPI Events Check.

[   19.868451] [cloud-init[0;32m  OK  [0m[958]: ] ci-info: | enp0s3 |  True | fe80::50:9eff:fe45:530d/64 |       .       |  link | 02:50:9e:45:53:0d |Reached target Paths.

[   20.108453] cloud-init[958]: ci-info: | enp0s8 | False |             .              |       .       |   .   | 08:00:27:d4:0d:eb |
[   20.297487] cloud-init[958]: ci-info: +--------+-------+----------------------------+---------------+-------+-------------------+
[   20.377832] [cloud-init[0;32m  OK  [0m[958]: ] ci-info: +++++++++++++++++++++++++++Route IPv4 info++++++++++++++++++++++++++++Started Timer to automatically refresh installed snaps.

[   20.562905] [cloud-init[0;32m  OK  [0m[958]: ] ci-info: +-------+-------------+----------+---------------+-----------+-------+Listening on ACPID Listen Socket.

[   20.631176] [cloud-init[0;32m  OK  [0m[958]: ] ci-info: | Route | Destination | Gateway  |    Genmask    | Interface | Flags |Started Daily apt activities.

[   20.747734] cloud-init[958]: ci-info: +-------+-------------+----------+---------------+-----------+-------+
[[0;32m  OK  [0m] Started Daily Cleanup of Temporary Directories.
[   20.748389] [cloud-init[0;32m  OK  [0m[958]: ] ci-info: |   0   |   0.0.0.0   | 10.0.2.2 |    0.0.0.0    |   enp0s3  |   UG  |Reached target Timers.

[   20.962539]          cloud-initStarting Socket activation for snappy daemon.[958]: 
ci-info: |   1   |   10.0.2.0  | 0.0.0.0  | 255.255.255.0 |   enp0s3  |   U   |
[   21.104550] [cloud-init[0;32m  OK  [0m[958]: ] ci-info: +-------+-------------+----------+---------------+-----------+-------+Listening on UUID daemon activation socket.

[   21.105075] [cloud-init[0;32m  OK  [0m[958]: ] Generating public/private rsa key pair.Listening on D-Bus System Message Bus Socket.

[   21.420850] cloud-init[958]: Your identification has been saved in /etc/ssh/ssh_host_rsa_key.
[   21.564385]          cloud-initStarting LXD - unix socket.[958]: 
Your public key has been saved in /etc/ssh/ssh_host_rsa_key.pub.
[   21.671349] cloud-init[958]: The key fingerprint is:
[   21.680556] [cloud-init[0;32m  OK  [0m[958]: ] SHA256:Mh16z7IaODcniE2Jz3Epw5alQnTIB+6UNo10QFQVsrA root@ubuntu-xenialReached target Network is Online.

[   21.703144]          cloud-initStarting iSCSI initiator daemon (iscsid)...[958]: 
The key's randomart image is:
[   21.713470] cloud-init[958]: +---[RSA 2048]----+
[   21.717071] cloud-init[958]: | +O==.o.         |
[[0;32m  OK  [0m] Listening on Socket activation for snappy daemon.
[   21.717343] [cloud-init[0;32m  OK  [0m[958]: ] | +oO.o           |Listening on LXD - unix socket.

[   21.781303] cloud-init[958]: |  E.o . .        |
[   21.786309] cloud-init[958]: | = + = + .       |
[   21.794343] cloud-init[958]: |  + @ * S        |
[   21.828406] [cloud-init[0;32m  OK  [0m[958]: ] |   O B + o       |Reached target Sockets.

[   21.840640] [cloud-init[0;32m  OK  [0m[958]: ] |  . B = o o      |Reached target Basic System.

[   21.860410] [cloud-init[0;32m  OK  [0m[958]: ] |     o = o       |Started FUSE filesystem for LXC.

[   21.938188] [cloud-init[0;32m  OK  [0m[958]: ] |      ...        |Started Unattended Upgrades Shutdown.

[   22.072386] cloud-init[958]: +----[SHA256]-----+
[   22.104410]          cloud-initStarting LSB: Record successful boot for GRUB...[958]: 
Generating public/private dsa key pair.
[   22.170527] cloud-init[958]: Your identification has been saved in /etc/ssh/ssh_host_dsa_key.
[   22.178107] cloud-init[958]: Your public key has been saved in /etc/ssh/ssh_host_dsa_key.pub.
[   22.233044]          cloud-initStarting LSB: MD monitoring daemon...[958]: 
The key fingerprint is:
[   22.272284] [cloud-init[0;32m  OK  [0m[958]: ] SHA256:/Bvwp8YmmVmkNANW/ikqcmNgT6xv99zfdYPrqoJtioc root@ubuntu-xenialStarted Snappy daemon.

[   22.272675] cloud-init[958]: The key's randomart image is:
         Starting Accounts Service...
[   22.411805] cloud-init[958]: +---[DSA 1024]----+
[   22.472486] [cloud-init[0;32m  OK  [0m[958]: ] |       ..        |Started Regular background program processing daemon.

[   22.473089] cloud-init[958]: |      o.         |
[   22.622007] [cloud-init[0;32m  OK  [0m[958]: ] |     . ..        |Started ACPI event daemon.

[   22.664862]          Starting Pollinate to seed the pseudo random number generator...
cloud-init[958]: |   .   .+...     |
[   22.700370] cloud-init[958]: |  o o  .S=o      |
[   22.705061] cloud-init[958]: | . =   ..=.   .  |
[   22.707211] cloud-init[958]: |  o B +  *+ .. .o|
[   22.711794]          Starting System Logging Service...
cloud-init[958]: [[0;32m  OK  [0m] Started D-Bus System Message Bus.
|   Eo=.==.+= ...o|
[   22.717522] cloud-init[958]: |   oooo.+==o+o.  |
[   22.733524] cloud-init[958]: +----[SHA256]-----+
[   22.742468] cloud-init[958]: Generating public/private ecdsa key pair.
[   22.746371] cloud-init[958]: Your identification has been saved in /etc/ssh/ssh_host_ecdsa_key.
[   22.761918] cloud-init[958]: Your public key has been saved in /etc/ssh/ssh_host_ecdsa_key.pub.
[   22.772727] cloud-init[958]: The key fingerprint is:
         Starting Auto import assertions from block devices...
[   22.786172] cloud-init[958]: SHA256:YVkufgeeCkIJxg0V/QTYQnT7EHG2ymn0igTP8LT4DFw root@ubuntu-xenial
[   22.835862] cloud-init[958]: The key's randomart image is:
[   22.840033] cloud-init[958]: +---[ECDSA 256]---+
[   22.843527] cloud-init[958]: | .+*===oo .      |
         Starting LXD - container startup/shutdown...
[   22.847641] cloud-init[958]: | ...+oo=.=       |
[   22.855270] cloud-init[958]: |  o E.+o* o      |
[   22.858594] cloud-init[958]: | . @ + O.+ o     |
[   22.861871] cloud-init[958]: |  + B * S + .    |
[   22.865096] cloud-init[958]:          Starting Login Service...
|   = + o o .     |         Starting Apply the settings specified in cloud-config...
[[0;32m  OK  [0m] Started Deferred execution scheduler.
         Starting /etc/rc.local Compatibility...

[   22.885751] [[0;32m  OK  [0m] Started System Logging Service.
[[0;32m  OK  [0m] Started iSCSI initiator daemon (iscsid).
cloud-init[[0;32m  OK  [0m] Started Auto import assertions from block devices.
[[0;32m  OK  [0m] Started /etc/rc.local Compatibility.
[958]: |    + . .        |
[   22.942379] cloud-init[958]: |                 |
[   22.988705] cloud-init[958]: |                 |
[   22.999697] cloud-init[958]: +----[SHA256]-----+
[   23.029388] cloud-init[958]: Generating public/private ed25519 key pair.
[[0;32m  OK  [0m] Started LSB: Record successful boot for GRUB.
[   23.115219] cloud-init[958]: Your identification has been saved in /etc/ssh/ssh_host_ed25519_key.
[   23.192373] cloud-init[958]: Your public key has been saved in /etc/ssh/ssh_host_ed25519_key.pub.
         Starting Authenticate and Authorize Users to Run Privileged Tasks...
[   23.192990] cloud-init[958]: The key fingerprint is:
[   23.267062] cloud-init[958]: SHA256:qsTShA2pyA181T3u9/ZPTIOJXeLbuvOPflHcTMT2UhA root@ubuntu-xenial
[   23.267633] cloud-init[958]: The key's randomart image is:
         Starting Login to default iSCSI targets...
[[0;32m  OK  [0m] Started LSB: MD monitoring daemon.
[[0;32m  OK  [0m] Started Pollinate to seed the pseudo random number generator.
[[0;32m  OK  [0m] Started LXD - container startup/shutdown.
[   23.268792] cloud-init[958]: +--[ED25519 256]--+
[[0;32m  OK  [0m] Started Login Service.[   24.008592] cloud-init[958]: |     .. .     E=.|
[   24.010729] cloud-init[958]: |.  ..  . o      =|
[[0;32m  OK  [0m] Started Authenticate and Authorize Users to Run Privileged Tasks.
[   24.017584] cloud-init[958]: | oo.    . .  . Bo|
[   24.017679] cloud-init[958]: |o.++     .  + * *|
[   24.017754] cloud-init[958]: |o...o   S  . = oo|
[   24.017821] cloud-init[958]: |   +   . . .  o+.|
[   24.017903] cloud-init[958]: |  . + .   . .. .+|
[   24.017989] cloud-init[958]: |   o .       +.o.|
[   24.018878] cloud-init[958]: |    .       .+B+=|
[   24.019013] cloud-init[958]: +----[SHA256]-----+

[[0;32m  OK  [0m] Started Accounts Service.
         Starting OpenBSD Secure Shell server...
[[0;32m  OK  [0m] Started OpenBSD Secure Shell server.
[   24.242350] cloud-init[1141]: Generating locales (this might take a while)...[[0;32m  OK  [0m] Started Login to default iSCSI targets.

[[0;32m  OK  [0m] Reached target Remote File Systems (Pre).
[[0;32m  OK  [0m] Reached target Remote File Systems.
         Starting Permit User Sessions...
         Starting LSB: daemon to balance interrupts for SMP systems...
         Starting LSB: automatic crash report generation...
         Starting LSB: Set the CPU Frequency Scaling governor to "ondemand"...
         Starting LSB: VirtualBox Linux Additions...
[[0;32m  OK  [0m] Started Permit User Sessions.
         Starting Terminate Plymouth Boot Screen...
         Starting Hold until boot process finishes up...
[[0;32m  OK  [0m] Started Terminate Plymouth Boot Screen.
[[0;32m  OK  [0m] Started Hold until boot process finishes up.
[[0;32m  OK  [0m] Started Serial Getty on ttyS0.
         Starting Set console scheme...
[[0;32m  OK  [0m] Started Getty on tty1.
[[0;32m  OK  [0m] Reached target Login Prompts.
[[0;32m  OK  [0m] Started LSB: daemon to balance interrupts for SMP systems.
[[0;32m  OK  [0m] Started LSB: automatic crash report generation.
[[0;32m  OK  [0m] Started LSB: Set the CPU Frequency Scaling governor to "ondemand".
[[0;32m  OK  [0m] Started Set console scheme.
[[0;32m  OK  [0m] Started LSB: VirtualBox Linux Additions.
[[0;32m  OK  [0m] Reached target Multi-User System.
[[0;32m  OK  [0m] Reached target Graphical Interface.
         Starting Update UTMP about System Runlevel Changes...
[[0;32m  OK  [0m] Started Update UTMP about System Runlevel Changes.
[   25.884471] cloud-init[1141]:   en_US.UTF-8... done
[   25.924398] cloud-init[1141]: Generation complete.
         Stopping OpenBSD Secure Shell server...
[[0;32m  OK  [0m] Stopped OpenBSD Secure Shell server.
         Starting OpenBSD Secure Shell server...
[[0;32m  OK  [0m] Started OpenBSD Secure Shell server.
[[0;32m  OK  [0m] Created slice User Slice of ubuntu.
         Starting User Manager for UID 1000...
[[0;32m  OK  [0m] Started Session 1 of user ubuntu.
[[0;32m  OK  [0m] Started User Manager for UID 1000.
[   26.673768] cloud-init[1141]: Cloud-init v. 0.7.9 running 'modules:config' at Fri, 07 Jul 2017 23:31:04 +0000. Up 23.87 seconds.
[[0;32m  OK  [0m] Started Apply the settings specified in cloud-config.
         Starting Execute cloud user/final scripts...
ci-info: no authorized ssh keys fingerprints found for user ubuntu.
<14>Jul  7 23:31:08 ec2: 
<14>Jul  7 23:31:08 ec2: #############################################################
<14>Jul  7 23:31:08 ec2: -----BEGIN SSH HOST KEY FINGERPRINTS-----
<14>Jul  7 23:31:08 ec2: 1024 SHA256:/Bvwp8YmmVmkNANW/ikqcmNgT6xv99zfdYPrqoJtioc root@ubuntu-xenial (DSA)
<14>Jul  7 23:31:08 ec2: 256 SHA256:YVkufgeeCkIJxg0V/QTYQnT7EHG2ymn0igTP8LT4DFw root@ubuntu-xenial (ECDSA)
<14>Jul  7 23:31:08 ec2: 256 SHA256:qsTShA2pyA181T3u9/ZPTIOJXeLbuvOPflHcTMT2UhA root@ubuntu-xenial (ED25519)
<14>Jul  7 23:31:08 ec2: 2048 SHA256:Mh16z7IaODcniE2Jz3Epw5alQnTIB+6UNo10QFQVsrA root@ubuntu-xenial (RSA)
<14>Jul  7 23:31:08 ec2: -----END SSH HOST KEY FINGERPRINTS-----
<14>Jul  7 23:31:08 ec2: #############################################################
-----BEGIN SSH HOST KEY KEYS-----
ecdsa-sha2-nistp256 AAAAE2VjZHNhLXNoYTItbmlzdHAyNTYAAAAIbmlzdHAyNTYAAABBBHtvJ2mqJbkLQWFfDLQIODqxtQUyf9h09ku6y2MYFEVTTafVfs/47cqfhoRTP7KUHYVTVCWPH44pJoJIc173a8c= root@ubuntu-xenial
ssh-ed25519 AAAAC3NzaC1lZDI1NTE5AAAAICk0fs0l64FXKpZ64NU4m9cqIdLXob2KcO+pnI+/HMkI root@ubuntu-xenial
ssh-rsa AAAAB3NzaC1yc2EAAAADAQABAAABAQC1/6uxW1LE7Da+GA4SFh9X1J5xmGFKp2pTOMhCKzXiPiiMZzCCiUGqqdone0A/Dp/CnX+Nu3w0OtYvNBQwm5KkS1+Lm29r/YEcn1+VBTYTwDO7q/NaOjgZR77sCO1dQQG0i2ojJZwO+1VFlqQML/lBDofyNDHUUoPw7INz48rY6iheObp7PHacDZUWzwGN8wMTXYmiq7pjsgHUkCBb9CJqMCDdOqeWD5g8GugjrECH9DFXJhiULujr5gNw2p5Nj8tfM3No8GnqGgxsNrbRtOYe1lhIq6rekUASI+v4ldYT3PuPt3eKVk34qe85zsQ+yNkGzII5bbvzEcQCKRUMIeDJ root@ubuntu-xenial
-----END SSH HOST KEY KEYS-----
[   28.186195] cloud-init[1398]: Cloud-init v. 0.7.9 running 'modules:final' at Fri, 07 Jul 2017 23:31:08 +0000. Up 27.58 seconds.
[   28.248833] cloud-init[1398]: ci-info: no authorized ssh keys fingerprints found for user ubuntu.
[   28.425104] cloud-init[1398]: Cloud-init v. 0.7.9 finished at Fri, 07 Jul 2017 23:31:08 +0000. Datasource DataSourceNoCloud [seed=/dev/sdb][dsmode=net].  Up 28.17 seconds
[[0;32m  OK  [0m] Started Execute cloud user/final scripts.
[[0;32m  OK  [0m] Reached target Cloud-init target.

Ubuntu 16.04.2 LTS ubuntu-xenial ttyS0

ubuntu-xenial login: 